Analysis & Synthesis report for Neander
Sun Jul 06 15:38:06 2025
Quartus II 64-Bit Version 13.1.0 Build 162 10/23/2013 SJ Web Edition


---------------------
; Table of Contents ;
---------------------
  1. Legal Notice
  2. Analysis & Synthesis Summary
  3. Analysis & Synthesis Settings
  4. Parallel Compilation
  5. Analysis & Synthesis Source Files Read
  6. Analysis & Synthesis Resource Usage Summary
  7. Analysis & Synthesis Resource Utilization by Entity
  8. Analysis & Synthesis RAM Summary
  9. Registers Removed During Synthesis
 10. General Register Statistics
 11. Registers Packed Into Inferred Megafunctions
 12. Multiplexer Restructuring Statistics (Restructuring Performed)
 13. Source assignments for ROM:inst11|altsyncram:Mux0_rtl_0|altsyncram_8hv:auto_generated
 14. Parameter Settings for Inferred Entity Instance: ROM:inst11|altsyncram:Mux0_rtl_0
 15. altsyncram Parameter Settings by Entity Instance
 16. Elapsed Time Per Partition
 17. Analysis & Synthesis Messages



----------------
; Legal Notice ;
----------------
Copyright (C) 1991-2013 Altera Corporation
Your use of Altera Corporation's design tools, logic functions 
and other software and tools, and its AMPP partner logic 
functions, and any output files from any of the foregoing 
(including device programming or simulation files), and any 
associated documentation or information are expressly subject 
to the terms and conditions of the Altera Program License 
Subscription Agreement, Altera MegaCore Function License 
Agreement, or other applicable license agreement, including, 
without limitation, that your use is for the sole purpose of 
programming logic devices manufactured by Altera and sold by 
Altera or its authorized distributors.  Please refer to the 
applicable agreement for further details.



+---------------------------------------------------------------------------------+
; Analysis & Synthesis Summary                                                    ;
+------------------------------------+--------------------------------------------+
; Analysis & Synthesis Status        ; Successful - Sun Jul 06 15:38:06 2025      ;
; Quartus II 64-Bit Version          ; 13.1.0 Build 162 10/23/2013 SJ Web Edition ;
; Revision Name                      ; Neander                                    ;
; Top-level Entity Name              ; Neander                                    ;
; Family                             ; Cyclone III                                ;
; Total logic elements               ; 164                                        ;
;     Total combinational functions  ; 159                                        ;
;     Dedicated logic registers      ; 66                                         ;
; Total registers                    ; 66                                         ;
; Total pins                         ; 51                                         ;
; Total virtual pins                 ; 0                                          ;
; Total memory bits                  ; 2,048                                      ;
; Embedded Multiplier 9-bit elements ; 0                                          ;
; Total PLLs                         ; 0                                          ;
+------------------------------------+--------------------------------------------+


+----------------------------------------------------------------------------------------------------------------------+
; Analysis & Synthesis Settings                                                                                        ;
+----------------------------------------------------------------------------+--------------------+--------------------+
; Option                                                                     ; Setting            ; Default Value      ;
+----------------------------------------------------------------------------+--------------------+--------------------+
; Device                                                                     ; EP3C16F484C6       ;                    ;
; Top-level entity name                                                      ; Neander            ; Neander            ;
; Family name                                                                ; Cyclone III        ; Cyclone IV GX      ;
; VHDL Show LMF Mapping Messages                                             ; Off                ;                    ;
; Use smart compilation                                                      ; Off                ; Off                ;
; Enable parallel Assembler and TimeQuest Timing Analyzer during compilation ; On                 ; On                 ;
; Enable compact report table                                                ; Off                ; Off                ;
; Restructure Multiplexers                                                   ; Auto               ; Auto               ;
; Create Debugging Nodes for IP Cores                                        ; Off                ; Off                ;
; Preserve fewer node names                                                  ; On                 ; On                 ;
; Disable OpenCore Plus hardware evaluation                                  ; Off                ; Off                ;
; Verilog Version                                                            ; Verilog_2001       ; Verilog_2001       ;
; VHDL Version                                                               ; VHDL_1993          ; VHDL_1993          ;
; State Machine Processing                                                   ; Auto               ; Auto               ;
; Safe State Machine                                                         ; Off                ; Off                ;
; Extract Verilog State Machines                                             ; On                 ; On                 ;
; Extract VHDL State Machines                                                ; On                 ; On                 ;
; Ignore Verilog initial constructs                                          ; Off                ; Off                ;
; Iteration limit for constant Verilog loops                                 ; 5000               ; 5000               ;
; Iteration limit for non-constant Verilog loops                             ; 250                ; 250                ;
; Add Pass-Through Logic to Inferred RAMs                                    ; On                 ; On                 ;
; Infer RAMs from Raw Logic                                                  ; On                 ; On                 ;
; Parallel Synthesis                                                         ; On                 ; On                 ;
; DSP Block Balancing                                                        ; Auto               ; Auto               ;
; NOT Gate Push-Back                                                         ; On                 ; On                 ;
; Power-Up Don't Care                                                        ; On                 ; On                 ;
; Remove Redundant Logic Cells                                               ; Off                ; Off                ;
; Remove Duplicate Registers                                                 ; On                 ; On                 ;
; Ignore CARRY Buffers                                                       ; Off                ; Off                ;
; Ignore CASCADE Buffers                                                     ; Off                ; Off                ;
; Ignore GLOBAL Buffers                                                      ; Off                ; Off                ;
; Ignore ROW GLOBAL Buffers                                                  ; Off                ; Off                ;
; Ignore LCELL Buffers                                                       ; Off                ; Off                ;
; Ignore SOFT Buffers                                                        ; On                 ; On                 ;
; Limit AHDL Integers to 32 Bits                                             ; Off                ; Off                ;
; Optimization Technique                                                     ; Balanced           ; Balanced           ;
; Carry Chain Length                                                         ; 70                 ; 70                 ;
; Auto Carry Chains                                                          ; On                 ; On                 ;
; Auto Open-Drain Pins                                                       ; On                 ; On                 ;
; Perform WYSIWYG Primitive Resynthesis                                      ; Off                ; Off                ;
; Auto ROM Replacement                                                       ; On                 ; On                 ;
; Auto RAM Replacement                                                       ; On                 ; On                 ;
; Auto DSP Block Replacement                                                 ; On                 ; On                 ;
; Auto Shift Register Replacement                                            ; Auto               ; Auto               ;
; Allow Shift Register Merging across Hierarchies                            ; Auto               ; Auto               ;
; Auto Clock Enable Replacement                                              ; On                 ; On                 ;
; Strict RAM Replacement                                                     ; Off                ; Off                ;
; Allow Synchronous Control Signals                                          ; On                 ; On                 ;
; Force Use of Synchronous Clear Signals                                     ; Off                ; Off                ;
; Auto RAM Block Balancing                                                   ; On                 ; On                 ;
; Auto RAM to Logic Cell Conversion                                          ; Off                ; Off                ;
; Auto Resource Sharing                                                      ; Off                ; Off                ;
; Allow Any RAM Size For Recognition                                         ; Off                ; Off                ;
; Allow Any ROM Size For Recognition                                         ; Off                ; Off                ;
; Allow Any Shift Register Size For Recognition                              ; Off                ; Off                ;
; Use LogicLock Constraints during Resource Balancing                        ; On                 ; On                 ;
; Ignore translate_off and synthesis_off directives                          ; Off                ; Off                ;
; Timing-Driven Synthesis                                                    ; On                 ; On                 ;
; Report Parameter Settings                                                  ; On                 ; On                 ;
; Report Source Assignments                                                  ; On                 ; On                 ;
; Report Connectivity Checks                                                 ; On                 ; On                 ;
; Ignore Maximum Fan-Out Assignments                                         ; Off                ; Off                ;
; Synchronization Register Chain Length                                      ; 2                  ; 2                  ;
; PowerPlay Power Optimization                                               ; Normal compilation ; Normal compilation ;
; HDL message level                                                          ; Level2             ; Level2             ;
; Suppress Register Optimization Related Messages                            ; Off                ; Off                ;
; Number of Removed Registers Reported in Synthesis Report                   ; 5000               ; 5000               ;
; Number of Swept Nodes Reported in Synthesis Report                         ; 5000               ; 5000               ;
; Number of Inverted Registers Reported in Synthesis Report                  ; 100                ; 100                ;
; Clock MUX Protection                                                       ; On                 ; On                 ;
; Auto Gated Clock Conversion                                                ; Off                ; Off                ;
; Block Design Naming                                                        ; Auto               ; Auto               ;
; SDC constraint protection                                                  ; Off                ; Off                ;
; Synthesis Effort                                                           ; Auto               ; Auto               ;
; Shift Register Replacement - Allow Asynchronous Clear Signal               ; On                 ; On                 ;
; Pre-Mapping Resynthesis Optimization                                       ; Off                ; Off                ;
; Analysis & Synthesis Message Level                                         ; Medium             ; Medium             ;
; Disable Register Merging Across Hierarchies                                ; Auto               ; Auto               ;
; Resource Aware Inference For Block RAM                                     ; On                 ; On                 ;
; Synthesis Seed                                                             ; 1                  ; 1                  ;
+----------------------------------------------------------------------------+--------------------+--------------------+


Parallel compilation was disabled, but you have multiple processors available. Enable parallel compilation to reduce compilation time.
+-------------------------------------+
; Parallel Compilation                ;
+----------------------------+--------+
; Processors                 ; Number ;
+----------------------------+--------+
; Number detected on machine ; 12     ;
; Maximum allowed            ; 1      ;
+----------------------------+--------+


+---------------------------------------------------------------------------------------------------------------------------------------------------------------------------------------------+
; Analysis & Synthesis Source Files Read                                                                                                                                                      ;
+----------------------------------+-----------------+-------------------------------------------------------+----------------------------------------------------------------------+---------+
; File Name with User-Entered Path ; Used in Netlist ; File Type                                             ; File Name with Absolute Path                                         ; Library ;
+----------------------------------+-----------------+-------------------------------------------------------+----------------------------------------------------------------------+---------+
; Segmento_D.bdf                   ; yes             ; User Block Diagram/Schematic File                     ; C:/altera/NEANDER/Segmento_D.bdf                                     ;         ;
; segmentof.bdf                    ; yes             ; User Block Diagram/Schematic File                     ; C:/altera/NEANDER/segmentof.bdf                                      ;         ;
; SegmentoA.bdf                    ; yes             ; User Block Diagram/Schematic File                     ; C:/altera/NEANDER/SegmentoA.bdf                                      ;         ;
; letraG.bdf                       ; yes             ; User Block Diagram/Schematic File                     ; C:/altera/NEANDER/letraG.bdf                                         ;         ;
; E_dupla5.bdf                     ; yes             ; User Block Diagram/Schematic File                     ; C:/altera/NEANDER/E_dupla5.bdf                                       ;         ;
; Diplay_C.bdf                     ; yes             ; User Block Diagram/Schematic File                     ; C:/altera/NEANDER/Diplay_C.bdf                                       ;         ;
; BCD.bdf                          ; yes             ; User Block Diagram/Schematic File                     ; C:/altera/NEANDER/BCD.bdf                                            ;         ;
; B.bdf                            ; yes             ; User Block Diagram/Schematic File                     ; C:/altera/NEANDER/B.bdf                                              ;         ;
; Timer.bdf                        ; yes             ; User Block Diagram/Schematic File                     ; C:/altera/NEANDER/Timer.bdf                                          ;         ;
; SyncCounter3.bdf                 ; yes             ; User Block Diagram/Schematic File                     ; C:/altera/NEANDER/SyncCounter3.bdf                                   ;         ;
; LAB09.bdf                        ; yes             ; User Block Diagram/Schematic File                     ; C:/altera/NEANDER/LAB09.bdf                                          ;         ;
; LAB07.bdf                        ; yes             ; User Block Diagram/Schematic File                     ; C:/altera/NEANDER/LAB07.bdf                                          ;         ;
; DecoderTimer.bdf                 ; yes             ; User Block Diagram/Schematic File                     ; C:/altera/NEANDER/DecoderTimer.bdf                                   ;         ;
; Decoder.bdf                      ; yes             ; User Block Diagram/Schematic File                     ; C:/altera/NEANDER/Decoder.bdf                                        ;         ;
; ControlUnit.bdf                  ; yes             ; User Block Diagram/Schematic File                     ; C:/altera/NEANDER/ControlUnit.bdf                                    ;         ;
; CLKDIV2NA8.bdf                   ; yes             ; User Block Diagram/Schematic File                     ; C:/altera/NEANDER/CLKDIV2NA8.bdf                                     ;         ;
; MUX2_1.bdf                       ; yes             ; User Block Diagram/Schematic File                     ; C:/altera/NEANDER/MUX2_1.bdf                                         ;         ;
; MUX.bdf                          ; yes             ; User Block Diagram/Schematic File                     ; C:/altera/NEANDER/MUX.bdf                                            ;         ;
; HA.bdf                           ; yes             ; User Block Diagram/Schematic File                     ; C:/altera/NEANDER/HA.bdf                                             ;         ;
; FA.bdf                           ; yes             ; User Block Diagram/Schematic File                     ; C:/altera/NEANDER/FA.bdf                                             ;         ;
; RCA8.bdf                         ; yes             ; User Block Diagram/Schematic File                     ; C:/altera/NEANDER/RCA8.bdf                                           ;         ;
; MUX8.bdf                         ; yes             ; User Block Diagram/Schematic File                     ; C:/altera/NEANDER/MUX8.bdf                                           ;         ;
; ULA.bdf                          ; yes             ; User Block Diagram/Schematic File                     ; C:/altera/NEANDER/ULA.bdf                                            ;         ;
; Neander.bdf                      ; yes             ; User Block Diagram/Schematic File                     ; C:/altera/NEANDER/Neander.bdf                                        ;         ;
; Accumulator.bdf                  ; yes             ; User Block Diagram/Schematic File                     ; C:/altera/NEANDER/Accumulator.bdf                                    ;         ;
; Encoder_ULA.bdf                  ; yes             ; User Block Diagram/Schematic File                     ; C:/altera/NEANDER/Encoder_ULA.bdf                                    ;         ;
; REM.bdf                          ; yes             ; User Block Diagram/Schematic File                     ; C:/altera/NEANDER/REM.bdf                                            ;         ;
; RDM.bdf                          ; yes             ; User Block Diagram/Schematic File                     ; C:/altera/NEANDER/RDM.bdf                                            ;         ;
; RI.bdf                           ; yes             ; User Block Diagram/Schematic File                     ; C:/altera/NEANDER/RI.bdf                                             ;         ;
; regNZ.bdf                        ; yes             ; User Block Diagram/Schematic File                     ; C:/altera/NEANDER/regNZ.bdf                                          ;         ;
; MUX4_1_PC.bdf                    ; yes             ; User Block Diagram/Schematic File                     ; C:/altera/NEANDER/MUX4_1_PC.bdf                                      ;         ;
; PC.bdf                           ; yes             ; User Block Diagram/Schematic File                     ; C:/altera/NEANDER/PC.bdf                                             ;         ;
; ROM.vhd                          ; yes             ; User VHDL File                                        ; C:/altera/NEANDER/ROM.vhd                                            ;         ;
; AND8_2.bdf                       ; yes             ; User Block Diagram/Schematic File                     ; C:/altera/NEANDER/AND8_2.bdf                                         ;         ;
; OR8_2.bdf                        ; yes             ; User Block Diagram/Schematic File                     ; C:/altera/NEANDER/OR8_2.bdf                                          ;         ;
; NOT8_2.bdf                       ; yes             ; User Block Diagram/Schematic File                     ; C:/altera/NEANDER/NOT8_2.bdf                                         ;         ;
; run_step_mode.bdf                ; yes             ; User Block Diagram/Schematic File                     ; C:/altera/NEANDER/run_step_mode.bdf                                  ;         ;
; altsyncram.tdf                   ; yes             ; Megafunction                                          ; c:/altera/13.1/quartus/libraries/megafunctions/altsyncram.tdf        ;         ;
; stratix_ram_block.inc            ; yes             ; Megafunction                                          ; c:/altera/13.1/quartus/libraries/megafunctions/stratix_ram_block.inc ;         ;
; lpm_mux.inc                      ; yes             ; Megafunction                                          ; c:/altera/13.1/quartus/libraries/megafunctions/lpm_mux.inc           ;         ;
; lpm_decode.inc                   ; yes             ; Megafunction                                          ; c:/altera/13.1/quartus/libraries/megafunctions/lpm_decode.inc        ;         ;
; aglobal131.inc                   ; yes             ; Megafunction                                          ; c:/altera/13.1/quartus/libraries/megafunctions/aglobal131.inc        ;         ;
; a_rdenreg.inc                    ; yes             ; Megafunction                                          ; c:/altera/13.1/quartus/libraries/megafunctions/a_rdenreg.inc         ;         ;
; altrom.inc                       ; yes             ; Megafunction                                          ; c:/altera/13.1/quartus/libraries/megafunctions/altrom.inc            ;         ;
; altram.inc                       ; yes             ; Megafunction                                          ; c:/altera/13.1/quartus/libraries/megafunctions/altram.inc            ;         ;
; altdpram.inc                     ; yes             ; Megafunction                                          ; c:/altera/13.1/quartus/libraries/megafunctions/altdpram.inc          ;         ;
; db/altsyncram_8hv.tdf            ; yes             ; Auto-Generated Megafunction                           ; C:/altera/NEANDER/db/altsyncram_8hv.tdf                              ;         ;
; Neander.Neander0.rtl.mif         ; yes             ; Auto-Generated Auto-Found Memory Initialization File  ; C:/altera/NEANDER/db/Neander.Neander0.rtl.mif                        ;         ;
+----------------------------------+-----------------+-------------------------------------------------------+----------------------------------------------------------------------+---------+


+-----------------------------------------------------------+
; Analysis & Synthesis Resource Usage Summary               ;
+---------------------------------------------+-------------+
; Resource                                    ; Usage       ;
+---------------------------------------------+-------------+
; Estimated Total logic elements              ; 164         ;
;                                             ;             ;
; Total combinational functions               ; 159         ;
; Logic element usage by number of LUT inputs ;             ;
;     -- 4 input functions                    ; 91          ;
;     -- 3 input functions                    ; 39          ;
;     -- <=2 input functions                  ; 29          ;
;                                             ;             ;
; Logic elements by mode                      ;             ;
;     -- normal mode                          ; 159         ;
;     -- arithmetic mode                      ; 0           ;
;                                             ;             ;
; Total registers                             ; 66          ;
;     -- Dedicated logic registers            ; 66          ;
;     -- I/O registers                        ; 0           ;
;                                             ;             ;
; I/O pins                                    ; 51          ;
; Total memory bits                           ; 2048        ;
; Embedded Multiplier 9-bit elements          ; 0           ;
; Maximum fan-out node                        ; reset~input ;
; Maximum fan-out                             ; 54          ;
; Total fan-out                               ; 900         ;
; Average fan-out                             ; 2.69        ;
+---------------------------------------------+-------------+


+-----------------------------------------------------------------------------------------------------------------------------------------------------------------------------------------------------------------------------------------------+
; Analysis & Synthesis Resource Utilization by Entity                                                                                                                                                                                           ;
+------------------------------------------+-------------------+--------------+-------------+--------------+---------+-----------+------+--------------+-------------------------------------------------------------------------+--------------+
; Compilation Hierarchy Node               ; LC Combinationals ; LC Registers ; Memory Bits ; DSP Elements ; DSP 9x9 ; DSP 18x18 ; Pins ; Virtual Pins ; Full Hierarchy Name                                                     ; Library Name ;
+------------------------------------------+-------------------+--------------+-------------+--------------+---------+-----------+------+--------------+-------------------------------------------------------------------------+--------------+
; |Neander                                 ; 159 (0)           ; 66 (0)       ; 2048        ; 0            ; 0       ; 0         ; 51   ; 0            ; |Neander                                                                ; work         ;
;    |Accumulator:inst3|                   ; 0 (0)             ; 8 (8)        ; 0           ; 0            ; 0       ; 0         ; 0    ; 0            ; |Neander|Accumulator:inst3                                              ; work         ;
;    |BCD:inst15|                          ; 7 (0)             ; 0 (0)        ; 0           ; 0            ; 0       ; 0         ; 0    ; 0            ; |Neander|BCD:inst15                                                     ; work         ;
;       |B:inst1|                          ; 1 (1)             ; 0 (0)        ; 0           ; 0            ; 0       ; 0         ; 0    ; 0            ; |Neander|BCD:inst15|B:inst1                                             ; work         ;
;       |Diplay_C:inst2|                   ; 1 (1)             ; 0 (0)        ; 0           ; 0            ; 0       ; 0         ; 0    ; 0            ; |Neander|BCD:inst15|Diplay_C:inst2                                      ; work         ;
;       |E_dupla5:inst4|                   ; 1 (1)             ; 0 (0)        ; 0           ; 0            ; 0       ; 0         ; 0    ; 0            ; |Neander|BCD:inst15|E_dupla5:inst4                                      ; work         ;
;       |SegmentoA:inst|                   ; 1 (1)             ; 0 (0)        ; 0           ; 0            ; 0       ; 0         ; 0    ; 0            ; |Neander|BCD:inst15|SegmentoA:inst                                      ; work         ;
;       |Segmento_D:inst3|                 ; 1 (1)             ; 0 (0)        ; 0           ; 0            ; 0       ; 0         ; 0    ; 0            ; |Neander|BCD:inst15|Segmento_D:inst3                                    ; work         ;
;       |letraG:inst6|                     ; 1 (1)             ; 0 (0)        ; 0           ; 0            ; 0       ; 0         ; 0    ; 0            ; |Neander|BCD:inst15|letraG:inst6                                        ; work         ;
;       |segmentof:inst5|                  ; 1 (1)             ; 0 (0)        ; 0           ; 0            ; 0       ; 0         ; 0    ; 0            ; |Neander|BCD:inst15|segmentof:inst5                                     ; work         ;
;    |BCD:inst16|                          ; 7 (0)             ; 0 (0)        ; 0           ; 0            ; 0       ; 0         ; 0    ; 0            ; |Neander|BCD:inst16                                                     ; work         ;
;       |B:inst1|                          ; 1 (1)             ; 0 (0)        ; 0           ; 0            ; 0       ; 0         ; 0    ; 0            ; |Neander|BCD:inst16|B:inst1                                             ; work         ;
;       |Diplay_C:inst2|                   ; 1 (1)             ; 0 (0)        ; 0           ; 0            ; 0       ; 0         ; 0    ; 0            ; |Neander|BCD:inst16|Diplay_C:inst2                                      ; work         ;
;       |E_dupla5:inst4|                   ; 1 (1)             ; 0 (0)        ; 0           ; 0            ; 0       ; 0         ; 0    ; 0            ; |Neander|BCD:inst16|E_dupla5:inst4                                      ; work         ;
;       |SegmentoA:inst|                   ; 1 (1)             ; 0 (0)        ; 0           ; 0            ; 0       ; 0         ; 0    ; 0            ; |Neander|BCD:inst16|SegmentoA:inst                                      ; work         ;
;       |Segmento_D:inst3|                 ; 1 (1)             ; 0 (0)        ; 0           ; 0            ; 0       ; 0         ; 0    ; 0            ; |Neander|BCD:inst16|Segmento_D:inst3                                    ; work         ;
;       |letraG:inst6|                     ; 1 (1)             ; 0 (0)        ; 0           ; 0            ; 0       ; 0         ; 0    ; 0            ; |Neander|BCD:inst16|letraG:inst6                                        ; work         ;
;       |segmentof:inst5|                  ; 1 (1)             ; 0 (0)        ; 0           ; 0            ; 0       ; 0         ; 0    ; 0            ; |Neander|BCD:inst16|segmentof:inst5                                     ; work         ;
;    |BCD:inst17|                          ; 7 (0)             ; 0 (0)        ; 0           ; 0            ; 0       ; 0         ; 0    ; 0            ; |Neander|BCD:inst17                                                     ; work         ;
;       |B:inst1|                          ; 1 (1)             ; 0 (0)        ; 0           ; 0            ; 0       ; 0         ; 0    ; 0            ; |Neander|BCD:inst17|B:inst1                                             ; work         ;
;       |Diplay_C:inst2|                   ; 1 (1)             ; 0 (0)        ; 0           ; 0            ; 0       ; 0         ; 0    ; 0            ; |Neander|BCD:inst17|Diplay_C:inst2                                      ; work         ;
;       |E_dupla5:inst4|                   ; 1 (1)             ; 0 (0)        ; 0           ; 0            ; 0       ; 0         ; 0    ; 0            ; |Neander|BCD:inst17|E_dupla5:inst4                                      ; work         ;
;       |SegmentoA:inst|                   ; 1 (1)             ; 0 (0)        ; 0           ; 0            ; 0       ; 0         ; 0    ; 0            ; |Neander|BCD:inst17|SegmentoA:inst                                      ; work         ;
;       |Segmento_D:inst3|                 ; 1 (1)             ; 0 (0)        ; 0           ; 0            ; 0       ; 0         ; 0    ; 0            ; |Neander|BCD:inst17|Segmento_D:inst3                                    ; work         ;
;       |letraG:inst6|                     ; 1 (1)             ; 0 (0)        ; 0           ; 0            ; 0       ; 0         ; 0    ; 0            ; |Neander|BCD:inst17|letraG:inst6                                        ; work         ;
;       |segmentof:inst5|                  ; 1 (1)             ; 0 (0)        ; 0           ; 0            ; 0       ; 0         ; 0    ; 0            ; |Neander|BCD:inst17|segmentof:inst5                                     ; work         ;
;    |BCD:inst18|                          ; 7 (0)             ; 0 (0)        ; 0           ; 0            ; 0       ; 0         ; 0    ; 0            ; |Neander|BCD:inst18                                                     ; work         ;
;       |B:inst1|                          ; 1 (1)             ; 0 (0)        ; 0           ; 0            ; 0       ; 0         ; 0    ; 0            ; |Neander|BCD:inst18|B:inst1                                             ; work         ;
;       |Diplay_C:inst2|                   ; 1 (1)             ; 0 (0)        ; 0           ; 0            ; 0       ; 0         ; 0    ; 0            ; |Neander|BCD:inst18|Diplay_C:inst2                                      ; work         ;
;       |E_dupla5:inst4|                   ; 1 (1)             ; 0 (0)        ; 0           ; 0            ; 0       ; 0         ; 0    ; 0            ; |Neander|BCD:inst18|E_dupla5:inst4                                      ; work         ;
;       |SegmentoA:inst|                   ; 1 (1)             ; 0 (0)        ; 0           ; 0            ; 0       ; 0         ; 0    ; 0            ; |Neander|BCD:inst18|SegmentoA:inst                                      ; work         ;
;       |Segmento_D:inst3|                 ; 1 (1)             ; 0 (0)        ; 0           ; 0            ; 0       ; 0         ; 0    ; 0            ; |Neander|BCD:inst18|Segmento_D:inst3                                    ; work         ;
;       |letraG:inst6|                     ; 1 (1)             ; 0 (0)        ; 0           ; 0            ; 0       ; 0         ; 0    ; 0            ; |Neander|BCD:inst18|letraG:inst6                                        ; work         ;
;       |segmentof:inst5|                  ; 1 (1)             ; 0 (0)        ; 0           ; 0            ; 0       ; 0         ; 0    ; 0            ; |Neander|BCD:inst18|segmentof:inst5                                     ; work         ;
;    |Encoder_ULA:inst12|                  ; 2 (2)             ; 0 (0)        ; 0           ; 0            ; 0       ; 0         ; 0    ; 0            ; |Neander|Encoder_ULA:inst12                                             ; work         ;
;    |LAB07:inst2|                         ; 24 (0)            ; 24 (0)       ; 0           ; 0            ; 0       ; 0         ; 0    ; 0            ; |Neander|LAB07:inst2                                                    ; work         ;
;       |CLKDIV2NA8:inst1|                 ; 8 (8)             ; 8 (8)        ; 0           ; 0            ; 0       ; 0         ; 0    ; 0            ; |Neander|LAB07:inst2|CLKDIV2NA8:inst1                                   ; work         ;
;       |CLKDIV2NA8:inst2|                 ; 8 (8)             ; 8 (8)        ; 0           ; 0            ; 0       ; 0         ; 0    ; 0            ; |Neander|LAB07:inst2|CLKDIV2NA8:inst2                                   ; work         ;
;       |CLKDIV2NA8:inst|                  ; 8 (8)             ; 8 (8)        ; 0           ; 0            ; 0       ; 0         ; 0    ; 0            ; |Neander|LAB07:inst2|CLKDIV2NA8:inst                                    ; work         ;
;    |LAB09:inst14|                        ; 34 (0)            ; 3 (0)        ; 0           ; 0            ; 0       ; 0         ; 0    ; 0            ; |Neander|LAB09:inst14                                                   ; work         ;
;       |ControlUnit:inst2|                ; 16 (16)           ; 0 (0)        ; 0           ; 0            ; 0       ; 0         ; 0    ; 0            ; |Neander|LAB09:inst14|ControlUnit:inst2                                 ; work         ;
;       |Decoder:inst1|                    ; 10 (10)           ; 0 (0)        ; 0           ; 0            ; 0       ; 0         ; 0    ; 0            ; |Neander|LAB09:inst14|Decoder:inst1                                     ; work         ;
;       |Timer:inst|                       ; 8 (0)             ; 3 (0)        ; 0           ; 0            ; 0       ; 0         ; 0    ; 0            ; |Neander|LAB09:inst14|Timer:inst                                        ; work         ;
;          |DecoderTimer:inst1|            ; 2 (2)             ; 0 (0)        ; 0           ; 0            ; 0       ; 0         ; 0    ; 0            ; |Neander|LAB09:inst14|Timer:inst|DecoderTimer:inst1                     ; work         ;
;          |SyncCounter3:inst|             ; 6 (1)             ; 3 (3)        ; 0           ; 0            ; 0       ; 0         ; 0    ; 0            ; |Neander|LAB09:inst14|Timer:inst|SyncCounter3:inst                      ; work         ;
;             |MUX2_1:inst14|              ; 3 (3)             ; 0 (0)        ; 0           ; 0            ; 0       ; 0         ; 0    ; 0            ; |Neander|LAB09:inst14|Timer:inst|SyncCounter3:inst|MUX2_1:inst14        ; work         ;
;             |MUX2_1:inst8|               ; 1 (1)             ; 0 (0)        ; 0           ; 0            ; 0       ; 0         ; 0    ; 0            ; |Neander|LAB09:inst14|Timer:inst|SyncCounter3:inst|MUX2_1:inst8         ; work         ;
;             |MUX2_1:inst96|              ; 1 (1)             ; 0 (0)        ; 0           ; 0            ; 0       ; 0         ; 0    ; 0            ; |Neander|LAB09:inst14|Timer:inst|SyncCounter3:inst|MUX2_1:inst96        ; work         ;
;    |PC:inst10|                           ; 16 (3)            ; 8 (8)        ; 0           ; 0            ; 0       ; 0         ; 0    ; 0            ; |Neander|PC:inst10                                                      ; work         ;
;       |MUX4_1_PC:inst10|                 ; 2 (2)             ; 0 (0)        ; 0           ; 0            ; 0       ; 0         ; 0    ; 0            ; |Neander|PC:inst10|MUX4_1_PC:inst10                                     ; work         ;
;       |MUX4_1_PC:inst11|                 ; 2 (2)             ; 0 (0)        ; 0           ; 0            ; 0       ; 0         ; 0    ; 0            ; |Neander|PC:inst10|MUX4_1_PC:inst11                                     ; work         ;
;       |MUX4_1_PC:inst14|                 ; 1 (1)             ; 0 (0)        ; 0           ; 0            ; 0       ; 0         ; 0    ; 0            ; |Neander|PC:inst10|MUX4_1_PC:inst14                                     ; work         ;
;       |MUX4_1_PC:inst19|                 ; 1 (1)             ; 0 (0)        ; 0           ; 0            ; 0       ; 0         ; 0    ; 0            ; |Neander|PC:inst10|MUX4_1_PC:inst19                                     ; work         ;
;       |MUX4_1_PC:inst20|                 ; 2 (2)             ; 0 (0)        ; 0           ; 0            ; 0       ; 0         ; 0    ; 0            ; |Neander|PC:inst10|MUX4_1_PC:inst20                                     ; work         ;
;       |MUX4_1_PC:inst22|                 ; 3 (3)             ; 0 (0)        ; 0           ; 0            ; 0       ; 0         ; 0    ; 0            ; |Neander|PC:inst10|MUX4_1_PC:inst22                                     ; work         ;
;       |MUX4_1_PC:inst4|                  ; 1 (1)             ; 0 (0)        ; 0           ; 0            ; 0       ; 0         ; 0    ; 0            ; |Neander|PC:inst10|MUX4_1_PC:inst4                                      ; work         ;
;       |MUX4_1_PC:inst8|                  ; 1 (1)             ; 0 (0)        ; 0           ; 0            ; 0       ; 0         ; 0    ; 0            ; |Neander|PC:inst10|MUX4_1_PC:inst8                                      ; work         ;
;    |RDM:inst7|                           ; 8 (8)             ; 10 (10)      ; 0           ; 0            ; 0       ; 0         ; 0    ; 0            ; |Neander|RDM:inst7                                                      ; work         ;
;    |REM:inst5|                           ; 8 (0)             ; 8 (8)        ; 0           ; 0            ; 0       ; 0         ; 0    ; 0            ; |Neander|REM:inst5                                                      ; work         ;
;       |MUX2_1:inst11|                    ; 1 (1)             ; 0 (0)        ; 0           ; 0            ; 0       ; 0         ; 0    ; 0            ; |Neander|REM:inst5|MUX2_1:inst11                                        ; work         ;
;       |MUX2_1:inst13|                    ; 1 (1)             ; 0 (0)        ; 0           ; 0            ; 0       ; 0         ; 0    ; 0            ; |Neander|REM:inst5|MUX2_1:inst13                                        ; work         ;
;       |MUX2_1:inst15|                    ; 1 (1)             ; 0 (0)        ; 0           ; 0            ; 0       ; 0         ; 0    ; 0            ; |Neander|REM:inst5|MUX2_1:inst15                                        ; work         ;
;       |MUX2_1:inst2|                     ; 1 (1)             ; 0 (0)        ; 0           ; 0            ; 0       ; 0         ; 0    ; 0            ; |Neander|REM:inst5|MUX2_1:inst2                                         ; work         ;
;       |MUX2_1:inst3|                     ; 1 (1)             ; 0 (0)        ; 0           ; 0            ; 0       ; 0         ; 0    ; 0            ; |Neander|REM:inst5|MUX2_1:inst3                                         ; work         ;
;       |MUX2_1:inst5|                     ; 1 (1)             ; 0 (0)        ; 0           ; 0            ; 0       ; 0         ; 0    ; 0            ; |Neander|REM:inst5|MUX2_1:inst5                                         ; work         ;
;       |MUX2_1:inst7|                     ; 1 (1)             ; 0 (0)        ; 0           ; 0            ; 0       ; 0         ; 0    ; 0            ; |Neander|REM:inst5|MUX2_1:inst7                                         ; work         ;
;       |MUX2_1:inst9|                     ; 1 (1)             ; 0 (0)        ; 0           ; 0            ; 0       ; 0         ; 0    ; 0            ; |Neander|REM:inst5|MUX2_1:inst9                                         ; work         ;
;    |RI:inst8|                            ; 0 (0)             ; 4 (4)        ; 0           ; 0            ; 0       ; 0         ; 0    ; 0            ; |Neander|RI:inst8                                                       ; work         ;
;    |ROM:inst11|                          ; 0 (0)             ; 0 (0)        ; 2048        ; 0            ; 0       ; 0         ; 0    ; 0            ; |Neander|ROM:inst11                                                     ; work         ;
;       |altsyncram:Mux0_rtl_0|            ; 0 (0)             ; 0 (0)        ; 2048        ; 0            ; 0       ; 0         ; 0    ; 0            ; |Neander|ROM:inst11|altsyncram:Mux0_rtl_0                               ; work         ;
;          |altsyncram_8hv:auto_generated| ; 0 (0)             ; 0 (0)        ; 2048        ; 0            ; 0       ; 0         ; 0    ; 0            ; |Neander|ROM:inst11|altsyncram:Mux0_rtl_0|altsyncram_8hv:auto_generated ; work         ;
;    |ULA:inst|                            ; 38 (3)            ; 0 (0)        ; 0           ; 0            ; 0       ; 0         ; 0    ; 0            ; |Neander|ULA:inst                                                       ; work         ;
;       |MUX8:inst8|                       ; 27 (0)            ; 0 (0)        ; 0           ; 0            ; 0       ; 0         ; 0    ; 0            ; |Neander|ULA:inst|MUX8:inst8                                            ; work         ;
;          |MUX2_1:inst1|                  ; 4 (4)             ; 0 (0)        ; 0           ; 0            ; 0       ; 0         ; 0    ; 0            ; |Neander|ULA:inst|MUX8:inst8|MUX2_1:inst1                               ; work         ;
;          |MUX2_1:inst2|                  ; 3 (3)             ; 0 (0)        ; 0           ; 0            ; 0       ; 0         ; 0    ; 0            ; |Neander|ULA:inst|MUX8:inst8|MUX2_1:inst2                               ; work         ;
;          |MUX2_1:inst3|                  ; 4 (4)             ; 0 (0)        ; 0           ; 0            ; 0       ; 0         ; 0    ; 0            ; |Neander|ULA:inst|MUX8:inst8|MUX2_1:inst3                               ; work         ;
;          |MUX2_1:inst4|                  ; 3 (3)             ; 0 (0)        ; 0           ; 0            ; 0       ; 0         ; 0    ; 0            ; |Neander|ULA:inst|MUX8:inst8|MUX2_1:inst4                               ; work         ;
;          |MUX2_1:inst5|                  ; 4 (4)             ; 0 (0)        ; 0           ; 0            ; 0       ; 0         ; 0    ; 0            ; |Neander|ULA:inst|MUX8:inst8|MUX2_1:inst5                               ; work         ;
;          |MUX2_1:inst6|                  ; 3 (3)             ; 0 (0)        ; 0           ; 0            ; 0       ; 0         ; 0    ; 0            ; |Neander|ULA:inst|MUX8:inst8|MUX2_1:inst6                               ; work         ;
;          |MUX2_1:inst7|                  ; 4 (4)             ; 0 (0)        ; 0           ; 0            ; 0       ; 0         ; 0    ; 0            ; |Neander|ULA:inst|MUX8:inst8|MUX2_1:inst7                               ; work         ;
;          |MUX2_1:inst|                   ; 2 (2)             ; 0 (0)        ; 0           ; 0            ; 0       ; 0         ; 0    ; 0            ; |Neander|ULA:inst|MUX8:inst8|MUX2_1:inst                                ; work         ;
;       |RCA8:inst|                        ; 8 (0)             ; 0 (0)        ; 0           ; 0            ; 0       ; 0         ; 0    ; 0            ; |Neander|ULA:inst|RCA8:inst                                             ; work         ;
;          |FA:inst1|                      ; 1 (1)             ; 0 (0)        ; 0           ; 0            ; 0       ; 0         ; 0    ; 0            ; |Neander|ULA:inst|RCA8:inst|FA:inst1                                    ; work         ;
;          |FA:inst2|                      ; 2 (2)             ; 0 (0)        ; 0           ; 0            ; 0       ; 0         ; 0    ; 0            ; |Neander|ULA:inst|RCA8:inst|FA:inst2                                    ; work         ;
;          |FA:inst4|                      ; 2 (2)             ; 0 (0)        ; 0           ; 0            ; 0       ; 0         ; 0    ; 0            ; |Neander|ULA:inst|RCA8:inst|FA:inst4                                    ; work         ;
;          |FA:inst5|                      ; 1 (1)             ; 0 (0)        ; 0           ; 0            ; 0       ; 0         ; 0    ; 0            ; |Neander|ULA:inst|RCA8:inst|FA:inst5                                    ; work         ;
;          |FA:inst6|                      ; 2 (2)             ; 0 (0)        ; 0           ; 0            ; 0       ; 0         ; 0    ; 0            ; |Neander|ULA:inst|RCA8:inst|FA:inst6                                    ; work         ;
;    |regNZ:inst9|                         ; 0 (0)             ; 1 (1)        ; 0           ; 0            ; 0       ; 0         ; 0    ; 0            ; |Neander|regNZ:inst9                                                    ; work         ;
;    |run_step_mode:inst4|                 ; 1 (0)             ; 0 (0)        ; 0           ; 0            ; 0       ; 0         ; 0    ; 0            ; |Neander|run_step_mode:inst4                                            ; work         ;
;       |MUX2_1:inst|                      ; 1 (1)             ; 0 (0)        ; 0           ; 0            ; 0       ; 0         ; 0    ; 0            ; |Neander|run_step_mode:inst4|MUX2_1:inst                                ; work         ;
+------------------------------------------+-------------------+--------------+-------------+--------------+---------+-----------+------+--------------+-------------------------------------------------------------------------+--------------+
Note: For table entries with two numbers listed, the numbers in parentheses indicate the number of resources of the given type used by the specific entity alone. The numbers listed outside of parentheses indicate the total resources of the given type used by the specific entity and all of its sub-entities in the hierarchy.


+---------------------------------------------------------------------------------------------------------------------------------------------------------------------------------------+
; Analysis & Synthesis RAM Summary                                                                                                                                                      ;
+---------------------------------------------------------------------------+------+------+--------------+--------------+--------------+--------------+------+--------------------------+
; Name                                                                      ; Type ; Mode ; Port A Depth ; Port A Width ; Port B Depth ; Port B Width ; Size ; MIF                      ;
+---------------------------------------------------------------------------+------+------+--------------+--------------+--------------+--------------+------+--------------------------+
; ROM:inst11|altsyncram:Mux0_rtl_0|altsyncram_8hv:auto_generated|ALTSYNCRAM ; AUTO ; ROM  ; 256          ; 8            ; --           ; --           ; 2048 ; Neander.Neander0.rtl.mif ;
+---------------------------------------------------------------------------+------+------+--------------+--------------+--------------+--------------+------+--------------------------+


+-------------------------------------------------------------------------------+
; Registers Removed During Synthesis                                            ;
+----------------------------------------+--------------------------------------+
; Register name                          ; Reason for Removal                   ;
+----------------------------------------+--------------------------------------+
; regNZ:inst9|inst                       ; Merged with Accumulator:inst3|inst16 ;
; RDM:inst7|inst16                       ; Lost fanout                          ;
; RDM:inst7|inst10                       ; Lost fanout                          ;
; RDM:inst7|inst6                        ; Lost fanout                          ;
; RDM:inst7|inst                         ; Lost fanout                          ;
; RDM:inst7|inst4                        ; Lost fanout                          ;
; RDM:inst7|inst8                        ; Lost fanout                          ;
; RDM:inst7|inst12                       ; Lost fanout                          ;
; RDM:inst7|inst14                       ; Lost fanout                          ;
; RDM:inst7|inst16~0                     ; Merged with RDM:inst7|inst14~0       ;
; RDM:inst7|inst14~0                     ; Merged with RDM:inst7|inst12~0       ;
; RDM:inst7|inst12~0                     ; Merged with RDM:inst7|inst8~0        ;
; RDM:inst7|inst8~0                      ; Merged with RDM:inst7|inst4~0        ;
; RDM:inst7|inst4~0                      ; Merged with RDM:inst7|inst~0         ;
; RDM:inst7|inst~0                       ; Merged with RDM:inst7|inst6~0        ;
; RDM:inst7|inst6~0                      ; Merged with RDM:inst7|inst10~0       ;
; RDM:inst7|inst16~3                     ; Merged with RDM:inst7|inst10~3       ;
; RDM:inst7|inst6~3                      ; Merged with RDM:inst7|inst10~3       ;
; RDM:inst7|inst~3                       ; Merged with RDM:inst7|inst10~3       ;
; RDM:inst7|inst4~3                      ; Merged with RDM:inst7|inst10~3       ;
; RDM:inst7|inst8~3                      ; Merged with RDM:inst7|inst10~3       ;
; RDM:inst7|inst12~3                     ; Merged with RDM:inst7|inst10~3       ;
; RDM:inst7|inst14~3                     ; Merged with RDM:inst7|inst10~3       ;
; Total Number of Removed Registers = 23 ;                                      ;
+----------------------------------------+--------------------------------------+


+------------------------------------------------------+
; General Register Statistics                          ;
+----------------------------------------------+-------+
; Statistic                                    ; Value ;
+----------------------------------------------+-------+
; Total registers                              ; 66    ;
; Number of registers using Synchronous Clear  ; 0     ;
; Number of registers using Synchronous Load   ; 1     ;
; Number of registers using Asynchronous Clear ; 54    ;
; Number of registers using Asynchronous Load  ; 0     ;
; Number of registers using Clock Enable       ; 28    ;
; Number of registers using Preset             ; 0     ;
+----------------------------------------------+-------+


+---------------------------------------------------+
; Registers Packed Into Inferred Megafunctions      ;
+--------------------+-----------------------+------+
; Register Name      ; Megafunction          ; Type ;
+--------------------+-----------------------+------+
; RDM:inst7|inst16~2 ; ROM:inst11|Mux0_rtl_0 ; ROM  ;
; RDM:inst7|inst10~2 ; ROM:inst11|Mux0_rtl_0 ; ROM  ;
; RDM:inst7|inst6~2  ; ROM:inst11|Mux0_rtl_0 ; ROM  ;
; RDM:inst7|inst~2   ; ROM:inst11|Mux0_rtl_0 ; ROM  ;
; RDM:inst7|inst4~2  ; ROM:inst11|Mux0_rtl_0 ; ROM  ;
; RDM:inst7|inst8~2  ; ROM:inst11|Mux0_rtl_0 ; ROM  ;
; RDM:inst7|inst12~2 ; ROM:inst11|Mux0_rtl_0 ; ROM  ;
; RDM:inst7|inst14~2 ; ROM:inst11|Mux0_rtl_0 ; ROM  ;
+--------------------+-----------------------+------+


+---------------------------------------------------------------------------------------------------------------------------------------------------------------+
; Multiplexer Restructuring Statistics (Restructuring Performed)                                                                                                ;
+--------------------+-----------+---------------+----------------------+------------------------+------------+-------------------------------------------------+
; Multiplexer Inputs ; Bus Width ; Baseline Area ; Area if Restructured ; Saving if Restructured ; Registered ; Example Multiplexer Output                      ;
+--------------------+-----------+---------------+----------------------+------------------------+------------+-------------------------------------------------+
; 3:1                ; 8 bits    ; 16 LEs        ; 8 LEs                ; 8 LEs                  ; Yes        ; |Neander|REM:inst5|inst16                       ;
; 5:1                ; 8 bits    ; 24 LEs        ; 24 LEs               ; 0 LEs                  ; No         ; |Neander|ULA:inst|MUX8:inst8|MUX2_1:inst7|inst2 ;
+--------------------+-----------+---------------+----------------------+------------------------+------------+-------------------------------------------------+


+---------------------------------------------------------------------------------------+
; Source assignments for ROM:inst11|altsyncram:Mux0_rtl_0|altsyncram_8hv:auto_generated ;
+---------------------------------+--------------------+------+-------------------------+
; Assignment                      ; Value              ; From ; To                      ;
+---------------------------------+--------------------+------+-------------------------+
; OPTIMIZE_POWER_DURING_SYNTHESIS ; NORMAL_COMPILATION ; -    ; -                       ;
+---------------------------------+--------------------+------+-------------------------+


+-----------------------------------------------------------------------------------+
; Parameter Settings for Inferred Entity Instance: ROM:inst11|altsyncram:Mux0_rtl_0 ;
+------------------------------------+--------------------------+-------------------+
; Parameter Name                     ; Value                    ; Type              ;
+------------------------------------+--------------------------+-------------------+
; BYTE_SIZE_BLOCK                    ; 8                        ; Untyped           ;
; AUTO_CARRY_CHAINS                  ; ON                       ; AUTO_CARRY        ;
; IGNORE_CARRY_BUFFERS               ; OFF                      ; IGNORE_CARRY      ;
; AUTO_CASCADE_CHAINS                ; ON                       ; AUTO_CASCADE      ;
; IGNORE_CASCADE_BUFFERS             ; OFF                      ; IGNORE_CASCADE    ;
; WIDTH_BYTEENA                      ; 1                        ; Untyped           ;
; OPERATION_MODE                     ; ROM                      ; Untyped           ;
; WIDTH_A                            ; 8                        ; Untyped           ;
; WIDTHAD_A                          ; 8                        ; Untyped           ;
; NUMWORDS_A                         ; 256                      ; Untyped           ;
; OUTDATA_REG_A                      ; UNREGISTERED             ; Untyped           ;
; ADDRESS_ACLR_A                     ; NONE                     ; Untyped           ;
; OUTDATA_ACLR_A                     ; NONE                     ; Untyped           ;
; WRCONTROL_ACLR_A                   ; NONE                     ; Untyped           ;
; INDATA_ACLR_A                      ; NONE                     ; Untyped           ;
; BYTEENA_ACLR_A                     ; NONE                     ; Untyped           ;
; WIDTH_B                            ; 1                        ; Untyped           ;
; WIDTHAD_B                          ; 1                        ; Untyped           ;
; NUMWORDS_B                         ; 1                        ; Untyped           ;
; INDATA_REG_B                       ; CLOCK1                   ; Untyped           ;
; WRCONTROL_WRADDRESS_REG_B          ; CLOCK1                   ; Untyped           ;
; RDCONTROL_REG_B                    ; CLOCK1                   ; Untyped           ;
; ADDRESS_REG_B                      ; CLOCK1                   ; Untyped           ;
; OUTDATA_REG_B                      ; UNREGISTERED             ; Untyped           ;
; BYTEENA_REG_B                      ; CLOCK1                   ; Untyped           ;
; INDATA_ACLR_B                      ; NONE                     ; Untyped           ;
; WRCONTROL_ACLR_B                   ; NONE                     ; Untyped           ;
; ADDRESS_ACLR_B                     ; NONE                     ; Untyped           ;
; OUTDATA_ACLR_B                     ; NONE                     ; Untyped           ;
; RDCONTROL_ACLR_B                   ; NONE                     ; Untyped           ;
; BYTEENA_ACLR_B                     ; NONE                     ; Untyped           ;
; WIDTH_BYTEENA_A                    ; 1                        ; Untyped           ;
; WIDTH_BYTEENA_B                    ; 1                        ; Untyped           ;
; RAM_BLOCK_TYPE                     ; AUTO                     ; Untyped           ;
; BYTE_SIZE                          ; 8                        ; Untyped           ;
; READ_DURING_WRITE_MODE_MIXED_PORTS ; DONT_CARE                ; Untyped           ;
; READ_DURING_WRITE_MODE_PORT_A      ; NEW_DATA_NO_NBE_READ     ; Untyped           ;
; READ_DURING_WRITE_MODE_PORT_B      ; NEW_DATA_NO_NBE_READ     ; Untyped           ;
; INIT_FILE                          ; Neander.Neander0.rtl.mif ; Untyped           ;
; INIT_FILE_LAYOUT                   ; PORT_A                   ; Untyped           ;
; MAXIMUM_DEPTH                      ; 0                        ; Untyped           ;
; CLOCK_ENABLE_INPUT_A               ; NORMAL                   ; Untyped           ;
; CLOCK_ENABLE_INPUT_B               ; NORMAL                   ; Untyped           ;
; CLOCK_ENABLE_OUTPUT_A              ; NORMAL                   ; Untyped           ;
; CLOCK_ENABLE_OUTPUT_B              ; NORMAL                   ; Untyped           ;
; CLOCK_ENABLE_CORE_A                ; USE_INPUT_CLKEN          ; Untyped           ;
; CLOCK_ENABLE_CORE_B                ; USE_INPUT_CLKEN          ; Untyped           ;
; ENABLE_ECC                         ; FALSE                    ; Untyped           ;
; ECC_PIPELINE_STAGE_ENABLED         ; FALSE                    ; Untyped           ;
; WIDTH_ECCSTATUS                    ; 3                        ; Untyped           ;
; DEVICE_FAMILY                      ; Cyclone III              ; Untyped           ;
; CBXI_PARAMETER                     ; altsyncram_8hv           ; Untyped           ;
+------------------------------------+--------------------------+-------------------+
Note: In order to hide this table in the UI and the text report file, please set the "Show Parameter Settings in Synthesis Report" option in "Analysis and Synthesis Settings -> More Settings" to "Off".


+------------------------------------------------------------------------------+
; altsyncram Parameter Settings by Entity Instance                             ;
+-------------------------------------------+----------------------------------+
; Name                                      ; Value                            ;
+-------------------------------------------+----------------------------------+
; Number of entity instances                ; 1                                ;
; Entity Instance                           ; ROM:inst11|altsyncram:Mux0_rtl_0 ;
;     -- OPERATION_MODE                     ; ROM                              ;
;     -- WIDTH_A                            ; 8                                ;
;     -- NUMWORDS_A                         ; 256                              ;
;     -- OUTDATA_REG_A                      ; UNREGISTERED                     ;
;     -- WIDTH_B                            ; 1                                ;
;     -- NUMWORDS_B                         ; 1                                ;
;     -- ADDRESS_REG_B                      ; CLOCK1                           ;
;     -- OUTDATA_REG_B                      ; UNREGISTERED                     ;
;     -- RAM_BLOCK_TYPE                     ; AUTO                             ;
;     -- READ_DURING_WRITE_MODE_MIXED_PORTS ; DONT_CARE                        ;
+-------------------------------------------+----------------------------------+


+-------------------------------+
; Elapsed Time Per Partition    ;
+----------------+--------------+
; Partition Name ; Elapsed Time ;
+----------------+--------------+
; Top            ; 00:00:00     ;
+----------------+--------------+


+-------------------------------+
; Analysis & Synthesis Messages ;
+-------------------------------+
Info: *******************************************************************
Info: Running Quartus II 64-Bit Analysis & Synthesis
    Info: Version 13.1.0 Build 162 10/23/2013 SJ Web Edition
    Info: Processing started: Sun Jul 06 15:38:04 2025
Info: Command: quartus_map --read_settings_files=on --write_settings_files=off Neander -c Neander
Warning (20028): Parallel compilation is not licensed and has been disabled
Info (12021): Found 1 design units, including 1 entities, in source file segmento_d.bdf
    Info (12023): Found entity 1: Segmento_D
Info (12021): Found 1 design units, including 1 entities, in source file segmentof.bdf
    Info (12023): Found entity 1: segmentof
Info (12021): Found 1 design units, including 1 entities, in source file segmentoa.bdf
    Info (12023): Found entity 1: SegmentoA
Info (12021): Found 1 design units, including 1 entities, in source file letrag.bdf
    Info (12023): Found entity 1: letraG
Info (12021): Found 1 design units, including 1 entities, in source file e_dupla5.bdf
    Info (12023): Found entity 1: E_dupla5
Info (12021): Found 1 design units, including 1 entities, in source file diplay_c.bdf
    Info (12023): Found entity 1: Diplay_C
Info (12021): Found 1 design units, including 1 entities, in source file counterbcd.bdf
    Info (12023): Found entity 1: CounterBCD
Info (12021): Found 1 design units, including 1 entities, in source file bcde.bdf
    Info (12023): Found entity 1: BCDe
Info (12021): Found 1 design units, including 1 entities, in source file bcd.bdf
    Info (12023): Found entity 1: BCD
Info (12021): Found 1 design units, including 1 entities, in source file b.bdf
    Info (12023): Found entity 1: B
Info (12021): Found 1 design units, including 1 entities, in source file timer.bdf
    Info (12023): Found entity 1: Timer
Info (12021): Found 1 design units, including 1 entities, in source file synccounter8.bdf
    Info (12023): Found entity 1: SyncCounter8
Info (12021): Found 1 design units, including 1 entities, in source file synccounter3.bdf
    Info (12023): Found entity 1: SyncCounter3
Info (12021): Found 1 design units, including 1 entities, in source file mux4_1.bdf
    Info (12023): Found entity 1: MUX4_1
Info (12021): Found 1 design units, including 1 entities, in source file lab09.bdf
    Info (12023): Found entity 1: LAB09
Info (12021): Found 1 design units, including 1 entities, in source file lab07.bdf
    Info (12023): Found entity 1: LAB07
Info (12021): Found 1 design units, including 1 entities, in source file decodertimer.bdf
    Info (12023): Found entity 1: DecoderTimer
Info (12021): Found 1 design units, including 1 entities, in source file decoder.bdf
    Info (12023): Found entity 1: Decoder
Info (12021): Found 1 design units, including 1 entities, in source file controlunit.bdf
    Info (12023): Found entity 1: ControlUnit
Info (12021): Found 1 design units, including 1 entities, in source file clkdiv2na8.bdf
    Info (12023): Found entity 1: CLKDIV2NA8
Info (12021): Found 1 design units, including 1 entities, in source file mux2_1.bdf
    Info (12023): Found entity 1: MUX2_1
Warning (12090): Entity "MUX" obtained from "MUX.bdf" instead of from Quartus II megafunction library
Info (12021): Found 1 design units, including 1 entities, in source file mux.bdf
    Info (12023): Found entity 1: MUX
Info (12021): Found 1 design units, including 1 entities, in source file decoder4_16.bdf
    Info (12023): Found entity 1: Decoder4_16
Info (12021): Found 1 design units, including 1 entities, in source file encoder8_3.bdf
    Info (12023): Found entity 1: encoder8_3
Info (12021): Found 1 design units, including 1 entities, in source file ha.bdf
    Info (12023): Found entity 1: HA
Info (12021): Found 1 design units, including 1 entities, in source file fa.bdf
    Info (12023): Found entity 1: FA
Info (12021): Found 1 design units, including 1 entities, in source file rca8.bdf
    Info (12023): Found entity 1: RCA8
Warning (12018): Entity "AND8" will be ignored because it conflicts with Quartus II primitive name
Info (12021): Found 1 design units, including 1 entities, in source file and8.bdf
Warning (12018): Entity "OR8" will be ignored because it conflicts with Quartus II primitive name
Info (12021): Found 1 design units, including 1 entities, in source file or8.bdf
Info (12021): Found 1 design units, including 1 entities, in source file not8.bdf
    Info (12023): Found entity 1: NOT8
Info (12021): Found 1 design units, including 1 entities, in source file mux8.bdf
    Info (12023): Found entity 1: MUX8
Info (12021): Found 1 design units, including 1 entities, in source file ula.bdf
    Info (12023): Found entity 1: ULA
Info (12021): Found 1 design units, including 1 entities, in source file neander.bdf
    Info (12023): Found entity 1: Neander
Info (12021): Found 1 design units, including 1 entities, in source file accumulator.bdf
    Info (12023): Found entity 1: Accumulator
Info (12021): Found 1 design units, including 1 entities, in source file encoder_ula.bdf
    Info (12023): Found entity 1: Encoder_ULA
Info (12021): Found 1 design units, including 1 entities, in source file rem.bdf
    Info (12023): Found entity 1: REM
Info (12021): Found 1 design units, including 1 entities, in source file rdm.bdf
    Info (12023): Found entity 1: RDM
Info (12021): Found 1 design units, including 1 entities, in source file ri.bdf
    Info (12023): Found entity 1: RI
Info (12021): Found 1 design units, including 1 entities, in source file regnz.bdf
    Info (12023): Found entity 1: regNZ
Info (12021): Found 1 design units, including 1 entities, in source file mux4_1_pc.bdf
    Info (12023): Found entity 1: MUX4_1_PC
Info (12021): Found 1 design units, including 1 entities, in source file pc.bdf
    Info (12023): Found entity 1: PC
Info (12021): Found 2 design units, including 1 entities, in source file rom.vhd
    Info (12022): Found design unit 1: ROM-arch
    Info (12023): Found entity 1: ROM
Info (12021): Found 1 design units, including 1 entities, in source file and8_2.bdf
    Info (12023): Found entity 1: AND8_2
Info (12021): Found 1 design units, including 1 entities, in source file or8_2.bdf
    Info (12023): Found entity 1: OR8_2
Info (12021): Found 1 design units, including 1 entities, in source file not8_2.bdf
    Info (12023): Found entity 1: NOT8_2
Info (12021): Found 1 design units, including 1 entities, in source file run_step_mode.bdf
    Info (12023): Found entity 1: run_step_mode
Info (12127): Elaborating entity "Neander" for the top level hierarchy
Info (12128): Elaborating entity "regNZ" for hierarchy "regNZ:inst9"
Info (12128): Elaborating entity "MUX2_1" for hierarchy "regNZ:inst9|MUX2_1:inst2"
Info (12128): Elaborating entity "ULA" for hierarchy "ULA:inst"
Info (12128): Elaborating entity "MUX8" for hierarchy "ULA:inst|MUX8:inst8"
Info (12128): Elaborating entity "RCA8" for hierarchy "ULA:inst|RCA8:inst"
Info (12128): Elaborating entity "FA" for hierarchy "ULA:inst|RCA8:inst|FA:inst8"
Info (12128): Elaborating entity "HA" for hierarchy "ULA:inst|RCA8:inst|HA:inst"
Info (12128): Elaborating entity "AND8_2" for hierarchy "ULA:inst|AND8_2:inst4"
Info (12128): Elaborating entity "OR8_2" for hierarchy "ULA:inst|OR8_2:inst10"
Info (12128): Elaborating entity "NOT8_2" for hierarchy "ULA:inst|NOT8_2:inst1"
Info (12128): Elaborating entity "RDM" for hierarchy "RDM:inst7"
Info (12128): Elaborating entity "LAB09" for hierarchy "LAB09:inst14"
Info (12128): Elaborating entity "ControlUnit" for hierarchy "LAB09:inst14|ControlUnit:inst2"
Warning (275009): Pin "HLT" not connected
Info (12128): Elaborating entity "Decoder" for hierarchy "LAB09:inst14|Decoder:inst1"
Info (12128): Elaborating entity "Timer" for hierarchy "LAB09:inst14|Timer:inst"
Info (12128): Elaborating entity "DecoderTimer" for hierarchy "LAB09:inst14|Timer:inst|DecoderTimer:inst1"
Info (12128): Elaborating entity "SyncCounter3" for hierarchy "LAB09:inst14|Timer:inst|SyncCounter3:inst"
Info (12128): Elaborating entity "run_step_mode" for hierarchy "run_step_mode:inst4"
Info (12128): Elaborating entity "LAB07" for hierarchy "LAB07:inst2"
Info (12128): Elaborating entity "CLKDIV2NA8" for hierarchy "LAB07:inst2|CLKDIV2NA8:inst2"
Info (12128): Elaborating entity "RI" for hierarchy "RI:inst8"
Info (12128): Elaborating entity "ROM" for hierarchy "ROM:inst11"
Info (12128): Elaborating entity "REM" for hierarchy "REM:inst5"
Info (12128): Elaborating entity "MUX" for hierarchy "MUX:inst6"
Info (12128): Elaborating entity "PC" for hierarchy "PC:inst10"
Info (12128): Elaborating entity "MUX4_1_PC" for hierarchy "PC:inst10|MUX4_1_PC:inst4"
Info (12128): Elaborating entity "Accumulator" for hierarchy "Accumulator:inst3"
Info (12128): Elaborating entity "Encoder_ULA" for hierarchy "Encoder_ULA:inst12"
Warning (275009): Pin "ULA_ADD" not connected
Info (12128): Elaborating entity "BCD" for hierarchy "BCD:inst15"
Info (12128): Elaborating entity "SegmentoA" for hierarchy "BCD:inst15|SegmentoA:inst"
Info (12128): Elaborating entity "B" for hierarchy "BCD:inst15|B:inst1"
Info (12128): Elaborating entity "Diplay_C" for hierarchy "BCD:inst15|Diplay_C:inst2"
Info (12128): Elaborating entity "Segmento_D" for hierarchy "BCD:inst15|Segmento_D:inst3"
Info (12128): Elaborating entity "E_dupla5" for hierarchy "BCD:inst15|E_dupla5:inst4"
Info (12128): Elaborating entity "segmentof" for hierarchy "BCD:inst15|segmentof:inst5"
Info (12128): Elaborating entity "letraG" for hierarchy "BCD:inst15|letraG:inst6"
Warning (19016): Clock multiplexers are found and protected
    Warning (19017): Found clock multiplexer run_step_mode:inst4|MUX2_1:inst|inst2~0
Info (19000): Inferred 1 megafunctions from design logic
    Info (276031): Inferred altsyncram megafunction from the following design logic: "ROM:inst11|Mux0_rtl_0"
        Info (286033): Parameter OPERATION_MODE set to ROM
        Info (286033): Parameter WIDTH_A set to 8
        Info (286033): Parameter WIDTHAD_A set to 8
        Info (286033): Parameter NUMWORDS_A set to 256
        Info (286033): Parameter OUTDATA_REG_A set to UNREGISTERED
        Info (286033): Parameter RAM_BLOCK_TYPE set to AUTO
        Info (286033): Parameter INIT_FILE set to Neander.Neander0.rtl.mif
Info (12130): Elaborated megafunction instantiation "ROM:inst11|altsyncram:Mux0_rtl_0"
Info (12133): Instantiated megafunction "ROM:inst11|altsyncram:Mux0_rtl_0" with the following parameter:
    Info (12134): Parameter "OPERATION_MODE" = "ROM"
    Info (12134): Parameter "WIDTH_A" = "8"
    Info (12134): Parameter "WIDTHAD_A" = "8"
    Info (12134): Parameter "NUMWORDS_A" = "256"
    Info (12134): Parameter "OUTDATA_REG_A" = "UNREGISTERED"
    Info (12134): Parameter "RAM_BLOCK_TYPE" = "AUTO"
    Info (12134): Parameter "INIT_FILE" = "Neander.Neander0.rtl.mif"
Info (12021): Found 1 design units, including 1 entities, in source file db/altsyncram_8hv.tdf
    Info (12023): Found entity 1: altsyncram_8hv
Info (286030): Timing-Driven Synthesis is running
Info (17049): 8 registers lost all their fanouts during netlist optimizations.
Info (16010): Generating hard_block partition "hard_block:auto_generated_inst"
    Info (16011): Adding 0 node(s), including 0 DDIO, 0 PLL, 0 transceiver and 0 LCELL
Info (21057): Implemented 238 device resources after synthesis - the final resource count might be different
    Info (21058): Implemented 4 input pins
    Info (21059): Implemented 47 output pins
    Info (21061): Implemented 179 logic cells
    Info (21064): Implemented 8 RAM segments
Info: Quartus II 64-Bit Analysis & Synthesis was successful. 0 errors, 8 warnings
    Info: Peak virtual memory: 4686 megabytes
    Info: Processing ended: Sun Jul 06 15:38:06 2025
    Info: Elapsed time: 00:00:02
    Info: Total CPU time (on all processors): 00:00:02


